<?xml version="1.0" encoding="UTF-8"?>
<testsuite name="com.pichincha.codechallenge.challenge.ChallengeTest" tests="1" skipped="0" failures="0" errors="0" timestamp="2022-09-02T15:45:53" hostname="msgoon6" time="9.59">
  <properties/>
  <testcase name="challenge()" classname="com.pichincha.codechallenge.challenge.ChallengeTest" time="9.59"/>
  <system-out><![CDATA[10:45:53.445 [Test worker] DEBUG org.springframework.test.util.ReflectionTestUtils - Setting field 'interestDistributionPresenters' of type [null] on target object [com.pichincha.codechallenge.service.impl.InvestmentServiceImpl@f5c79a6] or target class [class com.pichincha.codechallenge.service.impl.InvestmentServiceImpl] to value [[com.pichincha.codechallenge.presenter.InterestDistributionPresenter@669253b7, com.pichincha.codechallenge.presenter.InterestDistributionPresenter@5305c37d, com.pichincha.codechallenge.presenter.InterestDistributionPresenter@51a06cbe, com.pichincha.codechallenge.presenter.InterestDistributionPresenter@3dddbe65, com.pichincha.codechallenge.presenter.InterestDistributionPresenter@49a64d82, com.pichincha.codechallenge.presenter.InterestDistributionPresenter@344561e0, com.pichincha.codechallenge.presenter.InterestDistributionPresenter@66d23e4a, com.pichincha.codechallenge.presenter.InterestDistributionPresenter@36ac8a63]]
]]></system-out>
  <system-err><![CDATA[]]></system-err>
</testsuite>
